#
# There is insufficient memory for the Java Runtime Environment to continue.
# Native memory allocation (malloc) failed to allocate 230816 bytes for Chunk::new
# Possible reasons:
#   The system is out of physical RAM or swap space
#   In 32 bit mode, the process size limit was hit
# Possible solutions:
#   Reduce memory load on the system
#   Increase physical memory or swap space
#   Check if swap backing store is full
#   Use 64 bit Java on a 64 bit OS
#   Decrease Java heap size (-Xmx/-Xms)
#   Decrease number of Java threads
#   Decrease Java thread stack sizes (-Xss)
#   Set larger code cache with -XX:ReservedCodeCacheSize=
# This output file may be truncated or incomplete.
#
#  Out of Memory Error (allocation.cpp:390), pid=36948, tid=0x0000000000008bfc
#
# JRE version: Java(TM) SE Runtime Environment (8.0_111-b14) (build 1.8.0_111-b14)
# Java VM: Java HotSpot(TM) 64-Bit Server VM (25.111-b14 mixed mode windows-amd64 compressed oops)
# Failed to write core dump. Minidumps are not enabled by default on client versions of Windows
#

---------------  T H R E A D  ---------------

Current thread (0x000000001e2bd800):  JavaThread "C2 CompilerThread0" daemon [_thread_in_native, id=35836, stack(0x000000001e930000,0x000000001ea30000)]

Stack: [0x000000001e930000,0x000000001ea30000]
[error occurred during error reporting (printing stack bounds), id 0xc0000005]

Native frames: (J=compiled Java code, j=interpreted, Vv=VM code, C=native code)


Current CompileTask:
C2:   2853  768       4       com.android.dx.ssa.NormalSsaInsn::mapSourceRegisters (48 bytes)


---------------  P R O C E S S  ---------------

Java Threads: ( => current thread )
  0x000000001e56f000 JavaThread "pool-2-thread-4" [_thread_blocked, id=35252, stack(0x000000001f330000,0x000000001f430000)]
  0x000000001e47e800 JavaThread "pool-2-thread-3" [_thread_blocked, id=36508, stack(0x000000001f230000,0x000000001f330000)]
  0x000000001e425000 JavaThread "pool-2-thread-2" [_thread_in_Java, id=36820, stack(0x000000001f130000,0x000000001f230000)]
  0x000000001e421800 JavaThread "pool-3-thread-1" [_thread_blocked, id=35300, stack(0x000000001f030000,0x000000001f130000)]
  0x000000001e421000 JavaThread "pool-2-thread-1" [_thread_in_Java, id=8388, stack(0x000000001ef30000,0x000000001f030000)]
  0x000000001e32c000 JavaThread "Service Thread" daemon [_thread_blocked, id=37392, stack(0x000000001ed30000,0x000000001ee30000)]
  0x000000001e321800 JavaThread "C1 CompilerThread3" daemon [_thread_in_native, id=1160, stack(0x000000001ec30000,0x000000001ed30000)]
  0x000000001e2c1000 JavaThread "C2 CompilerThread2" daemon [_thread_in_native, id=31144, stack(0x000000001eb30000,0x000000001ec30000)]
  0x000000001c35a000 JavaThread "C2 CompilerThread1" daemon [_thread_in_native, id=37128, stack(0x000000001ea30000,0x000000001eb30000)]
=>0x000000001e2bd800 JavaThread "C2 CompilerThread0" daemon [_thread_in_native, id=35836, stack(0x000000001e930000,0x000000001ea30000)]
  0x000000001e2bb800 JavaThread "Attach Listener" daemon [_thread_blocked, id=8544, stack(0x000000001e830000,0x000000001e930000)]
  0x000000001e271000 JavaThread "Signal Dispatcher" daemon [_thread_blocked, id=11196, stack(0x000000001e730000,0x000000001e830000)]
  0x0000000002827800 JavaThread "Finalizer" daemon [_thread_blocked, id=17872, stack(0x000000001e630000,0x000000001e730000)]
  0x000000001c34d000 JavaThread "Reference Handler" daemon [_thread_blocked, id=8404, stack(0x000000001e130000,0x000000001e230000)]
  0x0000000002730800 JavaThread "main" [_thread_blocked, id=19164, stack(0x0000000002630000,0x0000000002730000)]

Other Threads:
  0x000000001c349000 VMThread [stack: 0x000000001e030000,0x000000001e130000] [id=7944]
  0x000000001e35e800 WatcherThread [stack: 0x000000001ee30000,0x000000001ef30000] [id=22244]

VM state:not at safepoint (normal execution)

VM Mutex/Monitor currently owned by a thread: None

Heap:
 PSYoungGen      total 76288K, used 23595K [0x000000076ab00000, 0x0000000770000000, 0x00000007c0000000)
  eden space 65536K, 36% used [0x000000076ab00000,0x000000076c20ac50,0x000000076eb00000)
  from space 10752K, 0% used [0x000000076f580000,0x000000076f580000,0x0000000770000000)
  to   space 10752K, 0% used [0x000000076eb00000,0x000000076eb00000,0x000000076f580000)
 ParOldGen       total 175104K, used 0K [0x00000006c0000000, 0x00000006cab00000, 0x000000076ab00000)
  object space 175104K, 0% used [0x00000006c0000000,0x00000006c0000000,0x00000006cab00000)
 Metaspace       used 5774K, capacity 6776K, committed 7040K, reserved 1056768K
  class space    used 603K, capacity 624K, committed 640K, reserved 1048576K

Card table byte_map: [0x0000000011bf0000,0x0000000012400000] byte_map_base: 0x000000000e5f0000

Marking Bits: (ParMarkBitMap*) 0x00000000548ba6c0
 Begin Bits: [0x0000000013160000, 0x0000000017160000)
 End Bits:   [0x0000000017160000, 0x000000001b160000)

Polling page: 0x0000000000600000

CodeCache: size=245760Kb used=3113Kb max_used=3113Kb free=242646Kb
 bounds [0x0000000002830000, 0x0000000002b40000, 0x0000000011830000]
 total_blobs=1025 nmethods=761 adapters=177
 compilation: enabled

Compilation events (10 events):
Event: 2.850 Thread 0x000000001e321800 nmethod 781 0x0000000002b31050 code [0x0000000002b311e0, 0x0000000002b315f8]
Event: 2.850 Thread 0x000000001e321800  786       3       com.android.dx.util.BitIntSet$1::next (42 bytes)
Event: 2.851 Thread 0x000000001e321800 nmethod 786 0x0000000002b3a650 code [0x0000000002b3a7e0, 0x0000000002b3ab58]
Event: 2.851 Thread 0x000000001e321800  784       3       com.android.dx.ssa.SsaBasicBlock::getPhiInsns (13 bytes)
Event: 2.851 Thread 0x000000001e321800 nmethod 784 0x0000000002b3acd0 code [0x0000000002b3ae60, 0x0000000002b3b148]
Event: 2.851 Thread 0x000000001e321800  790       3       com.android.dx.rop.type.Type::getFrameType (5 bytes)
Event: 2.851 Thread 0x000000001e321800 nmethod 790 0x0000000002b30c50 code [0x0000000002b30dc0, 0x0000000002b30fc8]
Event: 2.851 Thread 0x000000001e321800  791       3       com.android.dx.rop.type.Type::getFrameType (58 bytes)
Event: 2.851 Thread 0x000000001e321800 nmethod 791 0x0000000002b3b2d0 code [0x0000000002b3b420, 0x0000000002b3b5b0]
Event: 2.851 Thread 0x000000001e321800  589       1       com.android.dx.ssa.SsaInsn::isNormalMoveInsn (2 bytes)

GC Heap History (0 events):
No events

Deoptimization events (10 events):
Event: 2.572 Thread 0x000000001e425000 Uncommon trap: reason=unstable_if action=reinterpret pc=0x0000000002a2aab4 method=java.util.BitSet.ensureCapacity(I)V @ 6
Event: 2.598 Thread 0x000000001e425000 Uncommon trap: reason=unloaded action=reinterpret pc=0x0000000002a730fc method=com.android.dx.ssa.SsaRenamer$BlockRenamer.visitMoveInsn(Lcom/android/dx/ssa/NormalSsaInsn;)V @ 208
Event: 2.809 Thread 0x000000001e425000 Uncommon trap: reason=unstable_if action=reinterpret pc=0x0000000002abd5a4 method=com.android.dx.rop.code.RegisterSpec.equals(ILcom/android/dx/rop/type/TypeBearer;Lcom/android/dx/rop/code/LocalItem;)Z @ 16
Event: 2.809 Thread 0x000000001e425000 Uncommon trap: reason=class_check action=maybe_recompile pc=0x0000000002a88470 method=com.android.dx.rop.type.Type.equals(Ljava/lang/Object;)Z @ 8
Event: 2.809 Thread 0x000000001e425000 Uncommon trap: reason=unstable_if action=reinterpret pc=0x0000000002aa8c94 method=com.android.dx.rop.code.RegisterSpec.equals(ILcom/android/dx/rop/type/TypeBearer;Lcom/android/dx/rop/code/LocalItem;)Z @ 16
Event: 2.810 Thread 0x000000001e425000 Uncommon trap: reason=unstable_if action=reinterpret pc=0x0000000002a2b174 method=java.util.BitSet.nextSetBit(I)I @ 87
Event: 2.813 Thread 0x000000001e47e800 Uncommon trap: reason=unstable_if action=reinterpret pc=0x0000000002a5dd1c method=java.util.HashMap.getNode(ILjava/lang/Object;)Ljava/util/HashMap$Node; @ 129
Event: 2.828 Thread 0x000000001e425000 Uncommon trap: reason=unstable_if action=reinterpret pc=0x0000000002a2c6d4 method=com.android.dx.rop.code.RegisterSpec.equals(ILcom/android/dx/rop/type/TypeBearer;Lcom/android/dx/rop/code/LocalItem;)Z @ 16
Event: 2.828 Thread 0x000000001e425000 Uncommon trap: reason=class_check action=maybe_recompile pc=0x0000000002a88470 method=com.android.dx.rop.type.Type.equals(Ljava/lang/Object;)Z @ 8
Event: 2.828 Thread 0x000000001e425000 Uncommon trap: reason=unstable_if action=reinterpret pc=0x0000000002a937e8 method=com.android.dx.rop.code.RegisterSpec.equals(ILcom/android/dx/rop/type/TypeBearer;Lcom/android/dx/rop/code/LocalItem;)Z @ 16

Internal exceptions (2 events):
Event: 0.102 Thread 0x0000000002730800 Exception <a 'java/lang/NoSuchMethodError': Method sun.misc.Unsafe.defineClass(Ljava/lang/String;[BII)Ljava/lang/Class; name or signature does not match> (0x000000076ab07c78) thrown at [C:\re\workspace\8-2-build-windows-amd64-cygwin\jdk8u111\7883\hotspot\
Event: 0.102 Thread 0x0000000002730800 Exception <a 'java/lang/NoSuchMethodError': Method sun.misc.Unsafe.prefetchRead(Ljava/lang/Object;J)V name or signature does not match> (0x000000076ab07f60) thrown at [C:\re\workspace\8-2-build-windows-amd64-cygwin\jdk8u111\7883\hotspot\src\share\vm\prims

Events (10 events):
Event: 2.821 loading class java/util/TreeMap$EntryIterator done
Event: 2.828 Thread 0x000000001e425000 Uncommon trap: trap_request=0xffffff65 fr.pc=0x0000000002a2c6d4
Event: 2.828 Thread 0x000000001e425000 DEOPT PACKING pc=0x0000000002a2c6d4 sp=0x000000001f22e330
Event: 2.828 Thread 0x000000001e425000 DEOPT UNPACKING pc=0x000000000287582a sp=0x000000001f22e170 mode 2
Event: 2.828 Thread 0x000000001e425000 Uncommon trap: trap_request=0xffffffde fr.pc=0x0000000002a88470
Event: 2.828 Thread 0x000000001e425000 DEOPT PACKING pc=0x0000000002a88470 sp=0x000000001f22e1f0
Event: 2.828 Thread 0x000000001e425000 DEOPT UNPACKING pc=0x000000000287582a sp=0x000000001f22e188 mode 2
Event: 2.828 Thread 0x000000001e425000 Uncommon trap: trap_request=0xffffff65 fr.pc=0x0000000002a937e8
Event: 2.828 Thread 0x000000001e425000 DEOPT PACKING pc=0x0000000002a937e8 sp=0x000000001f22e330
Event: 2.828 Thread 0x000000001e425000 DEOPT UNPACKING pc=0x000000000287582a sp=0x000000001f22e1f0 mode 2


Dynamic libraries:
0x00007ff7b8700000 - 0x00007ff7b8737000 	S:\Android\Java\jdk\bin\java.exe
0x00007ff976cd0000 - 0x00007ff976ea1000 	C:\Windows\SYSTEM32\ntdll.dll
0x00007ff9745e0000 - 0x00007ff97468b000 	C:\Windows\System32\KERNEL32.DLL
0x00007ff973910000 - 0x00007ff973b2d000 	C:\Windows\System32\KERNELBASE.dll
0x00007ff974790000 - 0x00007ff974832000 	C:\Windows\System32\ADVAPI32.dll
0x00007ff974500000 - 0x00007ff97459e000 	C:\Windows\System32\msvcrt.dll
0x00007ff9743d0000 - 0x00007ff974429000 	C:\Windows\System32\sechost.dll
0x00007ff9750a0000 - 0x00007ff9751c1000 	C:\Windows\System32\RPCRT4.dll
0x00007ff974260000 - 0x00007ff9743c5000 	C:\Windows\System32\USER32.dll
0x00007ff974030000 - 0x00007ff97404e000 	C:\Windows\System32\win32u.dll
0x00007ff9745a0000 - 0x00007ff9745d4000 	C:\Windows\System32\GDI32.dll
0x00007ff973da0000 - 0x00007ff973f22000 	C:\Windows\System32\gdi32full.dll
0x00007ff968400000 - 0x00007ff968679000 	C:\Windows\WinSxS\amd64_microsoft.windows.common-controls_6595b64144ccf1df_6.0.14393.447_none_42191651c6827bb3\COMCTL32.dll
0x00007ff974dd0000 - 0x00007ff975098000 	C:\Windows\System32\combase.dll
0x00007ff973f30000 - 0x00007ff974025000 	C:\Windows\System32\ucrtbase.dll
0x00007ff9731c0000 - 0x00007ff97322a000 	C:\Windows\System32\bcryptPrimitives.dll
0x00007ff9752d0000 - 0x00007ff9752fe000 	C:\Windows\System32\IMM32.DLL
0x0000000055490000 - 0x0000000055562000 	S:\Android\Java\jdk\jre\bin\msvcr100.dll
0x00000000540a0000 - 0x000000005493a000 	S:\Android\Java\jdk\jre\bin\server\jvm.dll
0x00007ff974840000 - 0x00007ff974848000 	C:\Windows\System32\PSAPI.DLL
0x00007ff953dd0000 - 0x00007ff953dd9000 	C:\Windows\SYSTEM32\WSOCK32.dll
0x00007ff9711f0000 - 0x00007ff971213000 	C:\Windows\SYSTEM32\WINMM.dll
0x00007ff974d60000 - 0x00007ff974dca000 	C:\Windows\System32\WS2_32.dll
0x00007ff967f20000 - 0x00007ff967f2a000 	C:\Windows\SYSTEM32\VERSION.dll
0x00007ff970ed0000 - 0x00007ff970efb000 	C:\Windows\SYSTEM32\WINMMBASE.dll
0x00007ff974160000 - 0x00007ff9741a2000 	C:\Windows\System32\cfgmgr32.dll
0x0000000055480000 - 0x000000005548f000 	S:\Android\Java\jdk\jre\bin\verify.dll
0x0000000055450000 - 0x0000000055479000 	S:\Android\Java\jdk\jre\bin\java.dll
0x0000000055430000 - 0x0000000055446000 	S:\Android\Java\jdk\jre\bin\zip.dll
0x00007ff975300000 - 0x00007ff976809000 	C:\Windows\System32\SHELL32.dll
0x00007ff973230000 - 0x00007ff97390a000 	C:\Windows\System32\windows.storage.dll
0x00007ff973160000 - 0x00007ff9731ac000 	C:\Windows\System32\powrprof.dll
0x00007ff974490000 - 0x00007ff9744e2000 	C:\Windows\System32\shlwapi.dll
0x00007ff973150000 - 0x00007ff97315f000 	C:\Windows\System32\kernel.appcore.dll
0x00007ff9740b0000 - 0x00007ff974159000 	C:\Windows\System32\shcore.dll
0x00007ff973130000 - 0x00007ff973144000 	C:\Windows\System32\profapi.dll

VM Arguments:
jvm_args: -Djava.awt.headless=true -Xmx4g -Dfile.encoding=GBK -Duser.country=CN -Duser.language=zh -Duser.variant 
java_command: com.android.dx.command.Main --dex --force-jumbo --num-threads=4 --multi-dex --output S:\Android\workspace\LSPlayer\MDPlayer-master\app\build\intermediates\transforms\dex\beta\debug\folders\1000\5\slice_7 S:\Android\workspace\LSPlayer\MDPlayer-master\app\build\intermediates\transforms\instantRunSlicer\beta\debug\folders\1\5\slice_7
java_class_path (initial): S:\Android\android-sdk-windows\build-tools\23.0.3\lib\dx.jar
Launcher Type: SUN_STANDARD

Environment Variables:
JAVA_HOME=S:\Android\Java\jdk
CLASSPATH=.;S:\Android\Java\jdklib;S:\Android\Java\jdklib\tools.jar
PATH=C:\ProgramData\Oracle\Java\javapath;C:\Windows\system32;C:\Windows;C:\Windows\System32\Wbem;C:\Program Files\Java\jdk1.8.0_101\bin;C:\Program Files\Java\jdk1.8.0_101\jre\bin;C:\Windows\System32\WindowsPowerShell\v1.0\;C:\Program Files (x86)\NVIDIA Corporation\PhysX\Common;C:\Windows\system32\config\systemprofile\.dnx\bin;C:\Program Files\Microsoft DNX\Dnvm\;C:\Program Files\Microsoft SQL Server\120\Tools\Binn\;C:\Program Files\Microsoft SQL Server\130\Tools\Binn\;C:\Program Files (x86)\Windows Kits\10\Windows Performance Toolkit\;S:\Android\Git\cmd;S:\Android\Git\bin;C:\Users\JuserZhang\AppData\Local\Microsoft\WindowsApps;
USERNAME=JuserZhang
OS=Windows_NT
PROCESSOR_IDENTIFIER=Intel64 Family 6 Model 60 Stepping 3, GenuineIntel



---------------  S Y S T E M  ---------------

OS: Windows 10.0 , 64 bit Build 14393 (10.0.14393.0)

CPU:total 8 (4 cores per cpu, 2 threads per core) family 6 model 60 stepping 3, cmov, cx8, fxsr, mmx, sse, sse2, sse3, ssse3, sse4.1, sse4.2, popcnt, avx, avx2, aes, clmul, erms, lzcnt, ht, tsc, tscinvbit, bmi1, bmi2

Memory: 4k page, physical 16680080k(3822944k free), swap 16680080k(5120k free)

vm_info: Java HotSpot(TM) 64-Bit Server VM (25.111-b14) for windows-amd64 JRE (1.8.0_111-b14), built on Sep 22 2016 19:24:05 by "java_re" with MS VC++ 10.0 (VS2010)

time: Tue Dec 13 13:06:13 2016
elapsed time: 2 seconds (0d 0h 0m 2s)

