#
# There is insufficient memory for the Java Runtime Environment to continue.
# Native memory allocation (malloc) failed to allocate 188816 bytes for Chunk::new
# Possible reasons:
#   The system is out of physical RAM or swap space
#   In 32 bit mode, the process size limit was hit
# Possible solutions:
#   Reduce memory load on the system
#   Increase physical memory or swap space
#   Check if swap backing store is full
#   Use 64 bit Java on a 64 bit OS
#   Decrease Java heap size (-Xmx/-Xms)
#   Decrease number of Java threads
#   Decrease Java thread stack sizes (-Xss)
#   Set larger code cache with -XX:ReservedCodeCacheSize=
# This output file may be truncated or incomplete.
#
#  Out of Memory Error (allocation.cpp:390), pid=36444, tid=0x0000000000009380
#
# JRE version: Java(TM) SE Runtime Environment (8.0_111-b14) (build 1.8.0_111-b14)
# Java VM: Java HotSpot(TM) 64-Bit Server VM (25.111-b14 mixed mode windows-amd64 compressed oops)
# Failed to write core dump. Minidumps are not enabled by default on client versions of Windows
#

---------------  T H R E A D  ---------------

Current thread (0x000000001d05e800):  JavaThread "C2 CompilerThread2" daemon [_thread_in_native, id=37760, stack(0x000000001f850000,0x000000001f950000)]

Stack: [0x000000001f850000,0x000000001f950000]
[error occurred during error reporting (printing stack bounds), id 0xc0000005]

Native frames: (J=compiled Java code, j=interpreted, Vv=VM code, C=native code)


Current CompileTask:
C2:   2226  822       4       com.android.dx.ssa.back.LivenessAnalyzer::liveOutAtStatement (61 bytes)


---------------  P R O C E S S  ---------------

Java Threads: ( => current thread )
  0x000000001f245800 JavaThread "pool-2-thread-4" [_thread_in_Java, id=7788, stack(0x0000000020050000,0x0000000020150000)]
  0x000000001f243000 JavaThread "pool-2-thread-3" [_thread_in_vm, id=36960, stack(0x000000001ff50000,0x0000000020050000)]
  0x000000001f23a000 JavaThread "pool-2-thread-2" [_thread_in_Java, id=7696, stack(0x000000001fe50000,0x000000001ff50000)]
  0x000000001f114800 JavaThread "pool-3-thread-1" [_thread_blocked, id=29876, stack(0x000000001fd50000,0x000000001fe50000)]
  0x000000001f114000 JavaThread "pool-2-thread-1" [_thread_in_Java, id=19940, stack(0x000000001fc50000,0x000000001fd50000)]
  0x000000001efdd000 JavaThread "Service Thread" daemon [_thread_blocked, id=36792, stack(0x000000001fa50000,0x000000001fb50000)]
  0x000000001efce800 JavaThread "C1 CompilerThread3" daemon [_thread_in_native, id=7404, stack(0x000000001f950000,0x000000001fa50000)]
=>0x000000001d05e800 JavaThread "C2 CompilerThread2" daemon [_thread_in_native, id=37760, stack(0x000000001f850000,0x000000001f950000)]
  0x000000001d05c800 JavaThread "C2 CompilerThread1" daemon [_thread_in_native, id=35952, stack(0x000000001f750000,0x000000001f850000)]
  0x000000001efc8000 JavaThread "C2 CompilerThread0" daemon [_thread_in_native, id=15988, stack(0x000000001f650000,0x000000001f750000)]
  0x000000001efc6000 JavaThread "Attach Listener" daemon [_thread_blocked, id=35684, stack(0x000000001f550000,0x000000001f650000)]
  0x000000001efc5000 JavaThread "Signal Dispatcher" daemon [_thread_blocked, id=36116, stack(0x000000001f450000,0x000000001f550000)]
  0x000000000352d800 JavaThread "Finalizer" daemon [_thread_blocked, id=35372, stack(0x000000001f340000,0x000000001f440000)]
  0x000000001d04d000 JavaThread "Reference Handler" daemon [_thread_blocked, id=31796, stack(0x000000001ee40000,0x000000001ef40000)]
  0x0000000003430800 JavaThread "main" [_thread_blocked, id=37680, stack(0x0000000003330000,0x0000000003430000)]

Other Threads:
  0x000000001d049000 VMThread [stack: 0x000000001ed40000,0x000000001ee40000] [id=36912]
  0x000000001efe8800 WatcherThread [stack: 0x000000001fb50000,0x000000001fc50000] [id=37504]

VM state:not at safepoint (normal execution)

VM Mutex/Monitor currently owned by a thread: None

Heap:
 PSYoungGen      total 76288K, used 26233K [0x000000076ab00000, 0x0000000770000000, 0x00000007c0000000)
  eden space 65536K, 40% used [0x000000076ab00000,0x000000076c49e480,0x000000076eb00000)
  from space 10752K, 0% used [0x000000076f580000,0x000000076f580000,0x0000000770000000)
  to   space 10752K, 0% used [0x000000076eb00000,0x000000076eb00000,0x000000076f580000)
 ParOldGen       total 175104K, used 0K [0x00000006c0000000, 0x00000006cab00000, 0x000000076ab00000)
  object space 175104K, 0% used [0x00000006c0000000,0x00000006c0000000,0x00000006cab00000)
 Metaspace       used 5751K, capacity 6710K, committed 6784K, reserved 1056768K
  class space    used 601K, capacity 622K, committed 640K, reserved 1048576K

Card table byte_map: [0x00000000128f0000,0x0000000013100000] byte_map_base: 0x000000000f2f0000

Marking Bits: (ParMarkBitMap*) 0x00000000548ba6c0
 Begin Bits: [0x0000000013e60000, 0x0000000017e60000)
 End Bits:   [0x0000000017e60000, 0x000000001be60000)

Polling page: 0x0000000003240000

CodeCache: size=245760Kb used=3232Kb max_used=3232Kb free=242527Kb
 bounds [0x0000000003530000, 0x0000000003860000, 0x0000000012530000]
 total_blobs=1067 nmethods=803 adapters=177
 compilation: enabled

Compilation events (10 events):
Event: 2.222 Thread 0x000000001efce800 nmethod 838 0x0000000003849910 code [0x0000000003849a60, 0x0000000003849b50]
Event: 2.222 Thread 0x000000001efce800  781       3       com.android.dx.ssa.SsaBasicBlock::exitBlockFixup (58 bytes)
Event: 2.223 Thread 0x000000001efce800 nmethod 781 0x0000000003845e10 code [0x0000000003845fa0, 0x00000000038463a8]
Event: 2.223 Thread 0x000000001efce800  741       3       java.util.ArrayList::fastRemove (57 bytes)
Event: 2.223 Thread 0x000000001efce800 nmethod 741 0x0000000003855190 code [0x0000000003855300, 0x00000000038556e8]
Event: 2.223 Thread 0x000000001efce800  807       3       com.android.dx.ssa.SsaBasicBlock::addDomChild (10 bytes)
Event: 2.223 Thread 0x000000001efce800 nmethod 807 0x0000000003854710 code [0x00000000038548c0, 0x0000000003854e68]
Event: 2.223 Thread 0x000000001efce800  808       3       com.android.dx.ssa.SetFactory::makeDomFrontSet (26 bytes)
Event: 2.224 Thread 0x000000001efce800 nmethod 808 0x0000000003853ed0 code [0x0000000003854060, 0x0000000003854468]
Event: 2.224 Thread 0x000000001efce800  847       3       com.android.dx.ssa.back.SsaToRop$1::visitBlock (97 bytes)

GC Heap History (0 events):
No events

Deoptimization events (3 events):
Event: 1.886 Thread 0x000000001f114000 Uncommon trap: reason=unstable_if action=reinterpret pc=0x000000000371d974 method=java.util.BitSet.nextSetBit(I)I @ 87
Event: 2.183 Thread 0x000000001f23a000 Uncommon trap: reason=class_check action=maybe_recompile pc=0x00000000037c1484 method=com.android.dx.ssa.NormalSsaInsn.accept(Lcom/android/dx/ssa/SsaInsn$Visitor;)V @ 9
Event: 2.188 Thread 0x000000001f23a000 Uncommon trap: reason=class_check action=maybe_recompile pc=0x00000000037c1484 method=com.android.dx.ssa.NormalSsaInsn.accept(Lcom/android/dx/ssa/SsaInsn$Visitor;)V @ 9

Internal exceptions (2 events):
Event: 0.299 Thread 0x0000000003430800 Exception <a 'java/lang/NoSuchMethodError': Method sun.misc.Unsafe.defineClass(Ljava/lang/String;[BII)Ljava/lang/Class; name or signature does not match> (0x000000076ab07c78) thrown at [C:\re\workspace\8-2-build-windows-amd64-cygwin\jdk8u111\7883\hotspot\
Event: 0.299 Thread 0x0000000003430800 Exception <a 'java/lang/NoSuchMethodError': Method sun.misc.Unsafe.prefetchRead(Ljava/lang/Object;J)V name or signature does not match> (0x000000076ab07f60) thrown at [C:\re\workspace\8-2-build-windows-amd64-cygwin\jdk8u111\7883\hotspot\src\share\vm\prims

Events (10 events):
Event: 1.903 loading class java/util/ArrayList$1
Event: 1.903 loading class java/util/ArrayList$1 done
Event: 2.183 Thread 0x000000001f23a000 Uncommon trap: trap_request=0xffffffde fr.pc=0x00000000037c1484
Event: 2.183 Thread 0x000000001f23a000 DEOPT PACKING pc=0x00000000037c1484 sp=0x000000001ff4e7d0
Event: 2.183 Thread 0x000000001f23a000 DEOPT UNPACKING pc=0x000000000357582a sp=0x000000001ff4e7a0 mode 2
Event: 2.188 Thread 0x000000001f23a000 Uncommon trap: trap_request=0xffffffde fr.pc=0x00000000037c1484
Event: 2.188 Thread 0x000000001f23a000 DEOPT PACKING pc=0x00000000037c1484 sp=0x000000001ff4e7d0
Event: 2.188 Thread 0x000000001f23a000 DEOPT UNPACKING pc=0x000000000357582a sp=0x000000001ff4e7a0 mode 2
Event: 2.219 Executing VM operation: ForceSafepoint
Event: 2.219 Executing VM operation: ForceSafepoint done


Dynamic libraries:
0x00007ff7b8700000 - 0x00007ff7b8737000 	S:\Android\Java\jdk\bin\java.exe
0x00007ff976cd0000 - 0x00007ff976ea1000 	C:\Windows\SYSTEM32\ntdll.dll
0x00007ff9745e0000 - 0x00007ff97468b000 	C:\Windows\System32\KERNEL32.DLL
0x00007ff973910000 - 0x00007ff973b2d000 	C:\Windows\System32\KERNELBASE.dll
0x00007ff974790000 - 0x00007ff974832000 	C:\Windows\System32\ADVAPI32.dll
0x00007ff974500000 - 0x00007ff97459e000 	C:\Windows\System32\msvcrt.dll
0x00007ff9743d0000 - 0x00007ff974429000 	C:\Windows\System32\sechost.dll
0x00007ff9750a0000 - 0x00007ff9751c1000 	C:\Windows\System32\RPCRT4.dll
0x00007ff974260000 - 0x00007ff9743c5000 	C:\Windows\System32\USER32.dll
0x00007ff974030000 - 0x00007ff97404e000 	C:\Windows\System32\win32u.dll
0x00007ff9745a0000 - 0x00007ff9745d4000 	C:\Windows\System32\GDI32.dll
0x00007ff973da0000 - 0x00007ff973f22000 	C:\Windows\System32\gdi32full.dll
0x00007ff968400000 - 0x00007ff968679000 	C:\Windows\WinSxS\amd64_microsoft.windows.common-controls_6595b64144ccf1df_6.0.14393.447_none_42191651c6827bb3\COMCTL32.dll
0x00007ff974dd0000 - 0x00007ff975098000 	C:\Windows\System32\combase.dll
0x00007ff973f30000 - 0x00007ff974025000 	C:\Windows\System32\ucrtbase.dll
0x00007ff9731c0000 - 0x00007ff97322a000 	C:\Windows\System32\bcryptPrimitives.dll
0x00007ff9752d0000 - 0x00007ff9752fe000 	C:\Windows\System32\IMM32.DLL
0x0000000055490000 - 0x0000000055562000 	S:\Android\Java\jdk\jre\bin\msvcr100.dll
0x00000000540a0000 - 0x000000005493a000 	S:\Android\Java\jdk\jre\bin\server\jvm.dll
0x00007ff974840000 - 0x00007ff974848000 	C:\Windows\System32\PSAPI.DLL
0x00007ff953dd0000 - 0x00007ff953dd9000 	C:\Windows\SYSTEM32\WSOCK32.dll
0x00007ff974d60000 - 0x00007ff974dca000 	C:\Windows\System32\WS2_32.dll
0x00007ff9711f0000 - 0x00007ff971213000 	C:\Windows\SYSTEM32\WINMM.dll
0x00007ff967f20000 - 0x00007ff967f2a000 	C:\Windows\SYSTEM32\VERSION.dll
0x00007ff970ed0000 - 0x00007ff970efb000 	C:\Windows\SYSTEM32\WINMMBASE.dll
0x00007ff974160000 - 0x00007ff9741a2000 	C:\Windows\System32\cfgmgr32.dll
0x0000000055480000 - 0x000000005548f000 	S:\Android\Java\jdk\jre\bin\verify.dll
0x0000000055450000 - 0x0000000055479000 	S:\Android\Java\jdk\jre\bin\java.dll
0x0000000055430000 - 0x0000000055446000 	S:\Android\Java\jdk\jre\bin\zip.dll
0x00007ff975300000 - 0x00007ff976809000 	C:\Windows\System32\SHELL32.dll
0x00007ff973230000 - 0x00007ff97390a000 	C:\Windows\System32\windows.storage.dll
0x00007ff973160000 - 0x00007ff9731ac000 	C:\Windows\System32\powrprof.dll
0x00007ff974490000 - 0x00007ff9744e2000 	C:\Windows\System32\shlwapi.dll
0x00007ff973150000 - 0x00007ff97315f000 	C:\Windows\System32\kernel.appcore.dll
0x00007ff9740b0000 - 0x00007ff974159000 	C:\Windows\System32\shcore.dll
0x00007ff973130000 - 0x00007ff973144000 	C:\Windows\System32\profapi.dll

VM Arguments:
jvm_args: -Djava.awt.headless=true -Xmx4g -Dfile.encoding=GBK -Duser.country=CN -Duser.language=zh -Duser.variant 
java_command: com.android.dx.command.Main --dex --force-jumbo --num-threads=4 --multi-dex --output S:\Android\workspace\LSPlayer\MDPlayer-master\app\build\intermediates\transforms\dex\beta\debug\folders\1000\5\slice_5 S:\Android\workspace\LSPlayer\MDPlayer-master\app\build\intermediates\transforms\instantRunSlicer\beta\debug\folders\1\5\slice_5
java_class_path (initial): S:\Android\android-sdk-windows\build-tools\23.0.3\lib\dx.jar
Launcher Type: SUN_STANDARD

Environment Variables:
JAVA_HOME=S:\Android\Java\jdk
CLASSPATH=.;S:\Android\Java\jdklib;S:\Android\Java\jdklib\tools.jar
PATH=C:\ProgramData\Oracle\Java\javapath;C:\Windows\system32;C:\Windows;C:\Windows\System32\Wbem;C:\Program Files\Java\jdk1.8.0_101\bin;C:\Program Files\Java\jdk1.8.0_101\jre\bin;C:\Windows\System32\WindowsPowerShell\v1.0\;C:\Program Files (x86)\NVIDIA Corporation\PhysX\Common;C:\Windows\system32\config\systemprofile\.dnx\bin;C:\Program Files\Microsoft DNX\Dnvm\;C:\Program Files\Microsoft SQL Server\120\Tools\Binn\;C:\Program Files\Microsoft SQL Server\130\Tools\Binn\;C:\Program Files (x86)\Windows Kits\10\Windows Performance Toolkit\;S:\Android\Git\cmd;S:\Android\Git\bin;C:\Users\JuserZhang\AppData\Local\Microsoft\WindowsApps;
USERNAME=JuserZhang
OS=Windows_NT
PROCESSOR_IDENTIFIER=Intel64 Family 6 Model 60 Stepping 3, GenuineIntel



---------------  S Y S T E M  ---------------

OS: Windows 10.0 , 64 bit Build 14393 (10.0.14393.0)

CPU:total 8 (4 cores per cpu, 2 threads per core) family 6 model 60 stepping 3, cmov, cx8, fxsr, mmx, sse, sse2, sse3, ssse3, sse4.1, sse4.2, popcnt, avx, avx2, aes, clmul, erms, lzcnt, ht, tsc, tscinvbit, bmi1, bmi2

Memory: 4k page, physical 16680080k(3872856k free), swap 16680080k(2684k free)

vm_info: Java HotSpot(TM) 64-Bit Server VM (25.111-b14) for windows-amd64 JRE (1.8.0_111-b14), built on Sep 22 2016 19:24:05 by "java_re" with MS VC++ 10.0 (VS2010)

time: Tue Dec 13 13:06:10 2016
elapsed time: 2 seconds (0d 0h 0m 2s)

