#
# There is insufficient memory for the Java Runtime Environment to continue.
# Native memory allocation (malloc) failed to allocate 262160 bytes for Chunk::new
# Possible reasons:
#   The system is out of physical RAM or swap space
#   In 32 bit mode, the process size limit was hit
# Possible solutions:
#   Reduce memory load on the system
#   Increase physical memory or swap space
#   Check if swap backing store is full
#   Use 64 bit Java on a 64 bit OS
#   Decrease Java heap size (-Xmx/-Xms)
#   Decrease number of Java threads
#   Decrease Java thread stack sizes (-Xss)
#   Set larger code cache with -XX:ReservedCodeCacheSize=
# This output file may be truncated or incomplete.
#
#  Out of Memory Error (allocation.cpp:390), pid=37428, tid=0x000000000000872c
#
# JRE version: Java(TM) SE Runtime Environment (8.0_111-b14) (build 1.8.0_111-b14)
# Java VM: Java HotSpot(TM) 64-Bit Server VM (25.111-b14 mixed mode windows-amd64 compressed oops)
# Failed to write core dump. Minidumps are not enabled by default on client versions of Windows
#

---------------  T H R E A D  ---------------

Current thread (0x000000001e08b800):  JavaThread "C2 CompilerThread2" daemon [_thread_in_native, id=34604, stack(0x000000001e960000,0x000000001ea60000)]

Stack: [0x000000001e960000,0x000000001ea60000]
[error occurred during error reporting (printing stack bounds), id 0xc0000005]

Native frames: (J=compiled Java code, j=interpreted, Vv=VM code, C=native code)


Current CompileTask:
C2:   3689 1406       4       com.android.dx.rop.code.Rops::ropFor (771 bytes)


---------------  P R O C E S S  ---------------

Java Threads: ( => current thread )
  0x000000001e1fe000 JavaThread "pool-2-thread-4" [_thread_blocked, id=1116, stack(0x000000001f160000,0x000000001f260000)]
  0x000000001e1fd000 JavaThread "pool-2-thread-3" [_thread_blocked, id=32276, stack(0x000000001f060000,0x000000001f160000)]
  0x000000001e1fc000 JavaThread "pool-2-thread-2" [_thread_blocked, id=8380, stack(0x000000001ef60000,0x000000001f060000)]
  0x000000001e1f3800 JavaThread "pool-3-thread-1" [_thread_blocked, id=35372, stack(0x000000001ee60000,0x000000001ef60000)]
  0x000000001e1f1800 JavaThread "pool-2-thread-1" [_thread_blocked, id=31796, stack(0x000000001ed60000,0x000000001ee60000)]
  0x000000001e09e000 JavaThread "Service Thread" daemon [_thread_blocked, id=36140, stack(0x000000001eb60000,0x000000001ec60000)]
  0x000000001e08e800 JavaThread "C1 CompilerThread3" daemon [_thread_in_native, id=37492, stack(0x000000001ea60000,0x000000001eb60000)]
=>0x000000001e08b800 JavaThread "C2 CompilerThread2" daemon [_thread_in_native, id=34604, stack(0x000000001e960000,0x000000001ea60000)]
  0x000000001e086800 JavaThread "C2 CompilerThread1" daemon [_thread_in_native, id=7140, stack(0x000000001e860000,0x000000001e960000)]
  0x000000001e083000 JavaThread "C2 CompilerThread0" daemon [_thread_in_native, id=8220, stack(0x000000001e760000,0x000000001e860000)]
  0x000000001e081000 JavaThread "Attach Listener" daemon [_thread_blocked, id=36912, stack(0x000000001e660000,0x000000001e760000)]
  0x000000001e037000 JavaThread "Signal Dispatcher" daemon [_thread_blocked, id=34720, stack(0x000000001e560000,0x000000001e660000)]
  0x0000000002617800 JavaThread "Finalizer" daemon [_thread_blocked, id=18056, stack(0x000000001e400000,0x000000001e500000)]
  0x000000001c13d000 JavaThread "Reference Handler" daemon [_thread_blocked, id=37104, stack(0x000000001df00000,0x000000001e000000)]
  0x0000000002520800 JavaThread "main" [_thread_in_Java, id=30908, stack(0x0000000001f40000,0x0000000002040000)]

Other Threads:
  0x000000001c139000 VMThread [stack: 0x000000001de00000,0x000000001df00000] [id=19720]
  0x000000001e0a9800 WatcherThread [stack: 0x000000001ec60000,0x000000001ed60000] [id=33004]

VM state:not at safepoint (normal execution)

VM Mutex/Monitor currently owned by a thread: None

Heap:
 PSYoungGen      total 76288K, used 34781K [0x000000076ab00000, 0x0000000774000000, 0x00000007c0000000)
  eden space 65536K, 36% used [0x000000076ab00000,0x000000076c27aad0,0x000000076eb00000)
  from space 10752K, 99% used [0x000000076eb00000,0x000000076f57cb68,0x000000076f580000)
  to   space 10752K, 0% used [0x0000000773580000,0x0000000773580000,0x0000000774000000)
 ParOldGen       total 175104K, used 658K [0x00000006c0000000, 0x00000006cab00000, 0x000000076ab00000)
  object space 175104K, 0% used [0x00000006c0000000,0x00000006c00a4958,0x00000006cab00000)
 Metaspace       used 6305K, capacity 7128K, committed 7424K, reserved 1056768K
  class space    used 625K, capacity 656K, committed 768K, reserved 1048576K

Card table byte_map: [0x00000000119e0000,0x00000000121f0000] byte_map_base: 0x000000000e3e0000

Marking Bits: (ParMarkBitMap*) 0x00000000548ba6c0
 Begin Bits: [0x0000000012f50000, 0x0000000016f50000)
 End Bits:   [0x0000000016f50000, 0x000000001af50000)

Polling page: 0x0000000002040000

CodeCache: size=245760Kb used=5397Kb max_used=5413Kb free=240362Kb
 bounds [0x0000000002620000, 0x0000000002b80000, 0x0000000011620000]
 total_blobs=1664 nmethods=1393 adapters=184
 compilation: enabled

Compilation events (10 events):
Event: 3.656 Thread 0x000000001e08e800 1427       2       com.android.dx.cf.direct.DirectClassFile::getAccessFlags (9 bytes)
Event: 3.656 Thread 0x000000001e08e800 nmethod 1427 0x0000000002b43890 code [0x0000000002b43a00, 0x0000000002b43b88]
Event: 3.660 Thread 0x000000001e086800 nmethod 1339 0x0000000002b6cb10 code [0x0000000002b6ce80, 0x0000000002b70660]
Event: 3.660 Thread 0x000000001e086800 1415       4       com.android.dx.ssa.SCCP::simulateBlock (54 bytes)
Event: 3.682 Thread 0x000000001e08e800 1429       2       com.android.dx.rop.cst.CstFloat::getType (4 bytes)
Event: 3.683 Thread 0x000000001e08e800 nmethod 1429 0x0000000002b40f10 code [0x0000000002b41060, 0x0000000002b411b0]
Event: 3.684 Thread 0x000000001e08e800 1430       2       com.android.dx.ssa.SsaBasicBlock::insertNewSuccessor (228 bytes)
Event: 3.685 Thread 0x000000001e08e800 nmethod 1430 0x0000000002b43f50 code [0x0000000002b441e0, 0x0000000002b44a08]
Event: 3.685 Thread 0x000000001e08e800 1431       2       com.android.dx.ssa.SsaInsn::makeFromRop (10 bytes)
Event: 3.686 Thread 0x000000001e08e800 nmethod 1431 0x0000000002b47290 code [0x0000000002b47400, 0x0000000002b476a8]

GC Heap History (2 events):
Event: 3.189 GC heap before
{Heap before GC invocations=1 (full 0):
 PSYoungGen      total 76288K, used 65536K [0x000000076ab00000, 0x0000000770000000, 0x00000007c0000000)
  eden space 65536K, 100% used [0x000000076ab00000,0x000000076eb00000,0x000000076eb00000)
  from space 10752K, 0% used [0x000000076f580000,0x000000076f580000,0x0000000770000000)
  to   space 10752K, 0% used [0x000000076eb00000,0x000000076eb00000,0x000000076f580000)
 ParOldGen       total 175104K, used 0K [0x00000006c0000000, 0x00000006cab00000, 0x000000076ab00000)
  object space 175104K, 0% used [0x00000006c0000000,0x00000006c0000000,0x00000006cab00000)
 Metaspace       used 6268K, capacity 7064K, committed 7424K, reserved 1056768K
  class space    used 625K, capacity 656K, committed 768K, reserved 1048576K
Event: 3.329 GC heap after
Heap after GC invocations=1 (full 0):
 PSYoungGen      total 76288K, used 10738K [0x000000076ab00000, 0x0000000774000000, 0x00000007c0000000)
  eden space 65536K, 0% used [0x000000076ab00000,0x000000076ab00000,0x000000076eb00000)
  from space 10752K, 99% used [0x000000076eb00000,0x000000076f57cb68,0x000000076f580000)
  to   space 10752K, 0% used [0x0000000773580000,0x0000000773580000,0x0000000774000000)
 ParOldGen       total 175104K, used 658K [0x00000006c0000000, 0x00000006cab00000, 0x000000076ab00000)
  object space 175104K, 0% used [0x00000006c0000000,0x00000006c00a4958,0x00000006cab00000)
 Metaspace       used 6268K, capacity 7064K, committed 7424K, reserved 1056768K
  class space    used 625K, capacity 656K, committed 768K, reserved 1048576K
}

Deoptimization events (7 events):
Event: 2.478 Thread 0x0000000002520800 Uncommon trap: reason=unstable_if action=reinterpret pc=0x00000000028a2264 method=com.android.dx.rop.code.RegisterSpec.equals(ILcom/android/dx/rop/type/TypeBearer;Lcom/android/dx/rop/code/LocalItem;)Z @ 42
Event: 2.580 Thread 0x000000001e1fe000 Uncommon trap: reason=null_check action=make_not_entrant pc=0x00000000028a6bc0 method=com.android.dx.ssa.SsaRenamer.getLocalForNewReg(I)Lcom/android/dx/rop/code/LocalItem; @ 19
Event: 2.586 Thread 0x000000001e1fd000 Uncommon trap: reason=unstable_if action=reinterpret pc=0x0000000002855074 method=com.android.dx.rop.code.RegisterSpecSet.put(Lcom/android/dx/rop/code/RegisterSpec;)V @ 77
Event: 2.586 Thread 0x000000001e1fd000 Uncommon trap: reason=unstable_if action=reinterpret pc=0x00000000028e24f0 method=com.android.dx.rop.code.RegisterSpecSet.put(Lcom/android/dx/rop/code/RegisterSpec;)V @ 77
Event: 3.112 Thread 0x000000001e1f1800 Uncommon trap: reason=unstable_if action=reinterpret pc=0x000000000284605c method=com.android.dx.rop.cst.Constant.compareTo(Lcom/android/dx/rop/cst/Constant;)I @ 12
Event: 3.406 Thread 0x000000001e1fd000 Uncommon trap: reason=uninitialized action=reinterpret pc=0x0000000002ae2b68 method=com.android.dx.cf.code.BytecodeArray.parseInstruction(ILcom/android/dx/cf/code/BytecodeArray$Visitor;)I @ 999
Event: 3.410 Thread 0x000000001e1fd000 Uncommon trap: reason=bimorphic action=maybe_recompile pc=0x00000000029a5c30 method=java.util.HashMap.putVal(ILjava/lang/Object;Ljava/lang/Object;ZZ)Ljava/lang/Object; @ 203

Internal exceptions (3 events):
Event: 1.127 Thread 0x0000000002520800 Exception <a 'java/lang/NoSuchMethodError': Method sun.misc.Unsafe.defineClass(Ljava/lang/String;[BII)Ljava/lang/Class; name or signature does not match> (0x000000076ab07c78) thrown at [C:\re\workspace\8-2-build-windows-amd64-cygwin\jdk8u111\7883\hotspot\
Event: 1.127 Thread 0x0000000002520800 Exception <a 'java/lang/NoSuchMethodError': Method sun.misc.Unsafe.prefetchRead(Ljava/lang/Object;J)V name or signature does not match> (0x000000076ab07f60) thrown at [C:\re\workspace\8-2-build-windows-amd64-cygwin\jdk8u111\7883\hotspot\src\share\vm\prims
Event: 2.580 Thread 0x000000001e1fe000 Implicit null exception at 0x00000000028a4945 to 0x00000000028a6b7d

Events (10 events):
Event: 3.188 Executing VM operation: ParallelGCFailedAllocation
Event: 3.329 Executing VM operation: ParallelGCFailedAllocation done
Event: 3.406 Thread 0x000000001e1fd000 Uncommon trap: trap_request=0xffffffb5 fr.pc=0x0000000002ae2b68
Event: 3.406 Thread 0x000000001e1fd000 DEOPT PACKING pc=0x0000000002ae2b68 sp=0x000000001f15ee90
Event: 3.406 Thread 0x000000001e1fd000 DEOPT UNPACKING pc=0x000000000266582a sp=0x000000001f15ee10 mode 2
Event: 3.410 Thread 0x000000001e1fd000 Uncommon trap: trap_request=0xffffffc6 fr.pc=0x00000000029a5c30
Event: 3.410 Thread 0x000000001e1fd000 DEOPT PACKING pc=0x00000000029a5c30 sp=0x000000001f15ed00
Event: 3.410 Thread 0x000000001e1fd000 DEOPT UNPACKING pc=0x000000000266582a sp=0x000000001f15ec88 mode 2
Event: 3.641 loading class com/android/dx/rop/code/RegisterSpec$1
Event: 3.641 loading class com/android/dx/rop/code/RegisterSpec$1 done


Dynamic libraries:
0x00007ff7b8700000 - 0x00007ff7b8737000 	S:\Android\Java\jdk\bin\java.exe
0x00007ff976cd0000 - 0x00007ff976ea1000 	C:\Windows\SYSTEM32\ntdll.dll
0x00007ff9745e0000 - 0x00007ff97468b000 	C:\Windows\System32\KERNEL32.DLL
0x00007ff973910000 - 0x00007ff973b2d000 	C:\Windows\System32\KERNELBASE.dll
0x00007ff974790000 - 0x00007ff974832000 	C:\Windows\System32\ADVAPI32.dll
0x00007ff974500000 - 0x00007ff97459e000 	C:\Windows\System32\msvcrt.dll
0x00007ff9743d0000 - 0x00007ff974429000 	C:\Windows\System32\sechost.dll
0x00007ff9750a0000 - 0x00007ff9751c1000 	C:\Windows\System32\RPCRT4.dll
0x00007ff974260000 - 0x00007ff9743c5000 	C:\Windows\System32\USER32.dll
0x00007ff974030000 - 0x00007ff97404e000 	C:\Windows\System32\win32u.dll
0x00007ff9745a0000 - 0x00007ff9745d4000 	C:\Windows\System32\GDI32.dll
0x00007ff973da0000 - 0x00007ff973f22000 	C:\Windows\System32\gdi32full.dll
0x00007ff968400000 - 0x00007ff968679000 	C:\Windows\WinSxS\amd64_microsoft.windows.common-controls_6595b64144ccf1df_6.0.14393.447_none_42191651c6827bb3\COMCTL32.dll
0x00007ff974dd0000 - 0x00007ff975098000 	C:\Windows\System32\combase.dll
0x00007ff973f30000 - 0x00007ff974025000 	C:\Windows\System32\ucrtbase.dll
0x00007ff9731c0000 - 0x00007ff97322a000 	C:\Windows\System32\bcryptPrimitives.dll
0x00007ff9752d0000 - 0x00007ff9752fe000 	C:\Windows\System32\IMM32.DLL
0x0000000055490000 - 0x0000000055562000 	S:\Android\Java\jdk\jre\bin\msvcr100.dll
0x00000000540a0000 - 0x000000005493a000 	S:\Android\Java\jdk\jre\bin\server\jvm.dll
0x00007ff974840000 - 0x00007ff974848000 	C:\Windows\System32\PSAPI.DLL
0x00007ff953dd0000 - 0x00007ff953dd9000 	C:\Windows\SYSTEM32\WSOCK32.dll
0x00007ff974d60000 - 0x00007ff974dca000 	C:\Windows\System32\WS2_32.dll
0x00007ff9711f0000 - 0x00007ff971213000 	C:\Windows\SYSTEM32\WINMM.dll
0x00007ff967f20000 - 0x00007ff967f2a000 	C:\Windows\SYSTEM32\VERSION.dll
0x00007ff970ed0000 - 0x00007ff970efb000 	C:\Windows\SYSTEM32\WINMMBASE.dll
0x00007ff974160000 - 0x00007ff9741a2000 	C:\Windows\System32\cfgmgr32.dll
0x0000000055480000 - 0x000000005548f000 	S:\Android\Java\jdk\jre\bin\verify.dll
0x0000000055450000 - 0x0000000055479000 	S:\Android\Java\jdk\jre\bin\java.dll
0x0000000055430000 - 0x0000000055446000 	S:\Android\Java\jdk\jre\bin\zip.dll
0x00007ff975300000 - 0x00007ff976809000 	C:\Windows\System32\SHELL32.dll
0x00007ff973230000 - 0x00007ff97390a000 	C:\Windows\System32\windows.storage.dll
0x00007ff973160000 - 0x00007ff9731ac000 	C:\Windows\System32\powrprof.dll
0x00007ff974490000 - 0x00007ff9744e2000 	C:\Windows\System32\shlwapi.dll
0x00007ff973150000 - 0x00007ff97315f000 	C:\Windows\System32\kernel.appcore.dll
0x00007ff9740b0000 - 0x00007ff974159000 	C:\Windows\System32\shcore.dll
0x00007ff973130000 - 0x00007ff973144000 	C:\Windows\System32\profapi.dll

VM Arguments:
jvm_args: -Djava.awt.headless=true -Xmx4g -Dfile.encoding=GBK -Duser.country=CN -Duser.language=zh -Duser.variant 
java_command: com.android.dx.command.Main --dex --force-jumbo --num-threads=4 --multi-dex --output S:\Android\workspace\LSPlayer\MDPlayer-master\app\build\intermediates\transforms\dex\beta\debug\folders\1000\10\com.android.support-appcompat-v7-23.4.0_0b443223c49a8a2ca5edb799ba3ac2a93480f732 S:\Android\workspace\LSPlayer\MDPlayer-master\app\build\intermediates\exploded-aar\com.android.support\appcompat-v7\23.4.0\jars\classes.jar
java_class_path (initial): S:\Android\android-sdk-windows\build-tools\23.0.3\lib\dx.jar
Launcher Type: SUN_STANDARD

Environment Variables:
JAVA_HOME=S:\Android\Java\jdk
CLASSPATH=.;S:\Android\Java\jdklib;S:\Android\Java\jdklib\tools.jar
PATH=C:\ProgramData\Oracle\Java\javapath;C:\Windows\system32;C:\Windows;C:\Windows\System32\Wbem;C:\Program Files\Java\jdk1.8.0_101\bin;C:\Program Files\Java\jdk1.8.0_101\jre\bin;C:\Windows\System32\WindowsPowerShell\v1.0\;C:\Program Files (x86)\NVIDIA Corporation\PhysX\Common;C:\Windows\system32\config\systemprofile\.dnx\bin;C:\Program Files\Microsoft DNX\Dnvm\;C:\Program Files\Microsoft SQL Server\120\Tools\Binn\;C:\Program Files\Microsoft SQL Server\130\Tools\Binn\;C:\Program Files (x86)\Windows Kits\10\Windows Performance Toolkit\;S:\Android\Git\cmd;S:\Android\Git\bin;C:\Users\JuserZhang\AppData\Local\Microsoft\WindowsApps;
USERNAME=JuserZhang
OS=Windows_NT
PROCESSOR_IDENTIFIER=Intel64 Family 6 Model 60 Stepping 3, GenuineIntel



---------------  S Y S T E M  ---------------

OS: Windows 10.0 , 64 bit Build 14393 (10.0.14393.0)

CPU:total 8 (4 cores per cpu, 2 threads per core) family 6 model 60 stepping 3, cmov, cx8, fxsr, mmx, sse, sse2, sse3, ssse3, sse4.1, sse4.2, popcnt, avx, avx2, aes, clmul, erms, lzcnt, ht, tsc, tscinvbit, bmi1, bmi2

Memory: 4k page, physical 16680080k(3923016k free), swap 16680080k(5200k free)

vm_info: Java HotSpot(TM) 64-Bit Server VM (25.111-b14) for windows-amd64 JRE (1.8.0_111-b14), built on Sep 22 2016 19:24:05 by "java_re" with MS VC++ 10.0 (VS2010)

time: Tue Dec 13 13:06:05 2016
elapsed time: 3 seconds (0d 0h 0m 3s)

