#
# There is insufficient memory for the Java Runtime Environment to continue.
# Native memory allocation (malloc) failed to allocate 1048576 bytes for AllocateHeap
# Possible reasons:
#   The system is out of physical RAM or swap space
#   In 32 bit mode, the process size limit was hit
# Possible solutions:
#   Reduce memory load on the system
#   Increase physical memory or swap space
#   Check if swap backing store is full
#   Use 64 bit Java on a 64 bit OS
#   Decrease Java heap size (-Xmx/-Xms)
#   Decrease number of Java threads
#   Decrease Java thread stack sizes (-Xss)
#   Set larger code cache with -XX:ReservedCodeCacheSize=
# This output file may be truncated or incomplete.
#
#  Out of Memory Error (memory/allocation.inline.hpp:61), pid=36012, tid=0x0000000000009330
#
# JRE version:  (8.0_111-b14) (build )
# Java VM: Java HotSpot(TM) 64-Bit Server VM (25.111-b14 mixed mode windows-amd64 compressed oops)
# Failed to write core dump. Minidumps are not enabled by default on client versions of Windows
#

---------------  T H R E A D  ---------------

Current thread (0x0000000002c90800):  JavaThread "Unknown thread" [_thread_in_vm, id=37680, stack(0x0000000002b90000,0x0000000002c90000)]

Stack: [0x0000000002b90000,0x0000000002c90000]
[error occurred during error reporting (printing stack bounds), id 0xc0000005]

Native frames: (J=compiled Java code, j=interpreted, Vv=VM code, C=native code)


---------------  P R O C E S S  ---------------

Java Threads: ( => current thread )

Other Threads:

=>0x0000000002c90800 (exited) JavaThread "Unknown thread" [_thread_in_vm, id=37680, stack(0x0000000002b90000,0x0000000002c90000)]

VM state:not at safepoint (normal execution)

VM Mutex/Monitor currently owned by a thread: None

Heap:
 PSYoungGen      total 76288K, used 1310K [0x000000076ab00000, 0x0000000770000000, 0x00000007c0000000)
  eden space 65536K, 2% used [0x000000076ab00000,0x000000076ac47af0,0x000000076eb00000)
  from space 10752K, 0% used [0x000000076f580000,0x000000076f580000,0x0000000770000000)
  to   space 10752K, 0% used [0x000000076eb00000,0x000000076eb00000,0x000000076f580000)
 ParOldGen       total 175104K, used 0K [0x00000006c0000000, 0x00000006cab00000, 0x000000076ab00000)
  object space 175104K, 0% used [0x00000006c0000000,0x00000006c0000000,0x00000006cab00000)
 Metaspace       used 770K, capacity 4480K, committed 4480K, reserved 1056768K
  class space    used 75K, capacity 384K, committed 384K, reserved 1048576K

Card table byte_map: [0x0000000012150000,0x0000000012960000] byte_map_base: 0x000000000eb50000

Marking Bits: (ParMarkBitMap*) 0x00000000548ba6c0
 Begin Bits: [0x00000000136c0000, 0x00000000176c0000)
 End Bits:   [0x00000000176c0000, 0x000000001b6c0000)

Polling page: 0x0000000001160000

CodeCache: size=245760Kb used=328Kb max_used=328Kb free=245431Kb
 bounds [0x0000000002d90000, 0x0000000003000000, 0x0000000011d90000]
 total_blobs=58 nmethods=0 adapters=38
 compilation: enabled

Compilation events (0 events):
No events

GC Heap History (0 events):
No events

Deoptimization events (0 events):
No events

Internal exceptions (0 events):
No events

Events (10 events):
Event: 0.484 loading class java/lang/Short
Event: 0.484 loading class java/lang/Short done
Event: 0.484 loading class java/lang/Integer
Event: 0.484 loading class java/lang/Integer done
Event: 0.484 loading class java/lang/Long
Event: 0.485 loading class java/lang/Long done
Event: 0.486 loading class java/lang/NullPointerException
Event: 0.486 loading class java/lang/NullPointerException done
Event: 0.486 loading class java/lang/ArithmeticException
Event: 0.486 loading class java/lang/ArithmeticException done


Dynamic libraries:
0x00007ff7b8700000 - 0x00007ff7b8737000 	S:\Android\Java\jdk\bin\java.exe
0x00007ff976cd0000 - 0x00007ff976ea1000 	C:\Windows\SYSTEM32\ntdll.dll
0x00007ff9745e0000 - 0x00007ff97468b000 	C:\Windows\System32\KERNEL32.DLL
0x00007ff973910000 - 0x00007ff973b2d000 	C:\Windows\System32\KERNELBASE.dll
0x00007ff974790000 - 0x00007ff974832000 	C:\Windows\System32\ADVAPI32.dll
0x00007ff974500000 - 0x00007ff97459e000 	C:\Windows\System32\msvcrt.dll
0x00007ff9743d0000 - 0x00007ff974429000 	C:\Windows\System32\sechost.dll
0x00007ff9750a0000 - 0x00007ff9751c1000 	C:\Windows\System32\RPCRT4.dll
0x00007ff974260000 - 0x00007ff9743c5000 	C:\Windows\System32\USER32.dll
0x00007ff974030000 - 0x00007ff97404e000 	C:\Windows\System32\win32u.dll
0x00007ff9745a0000 - 0x00007ff9745d4000 	C:\Windows\System32\GDI32.dll
0x00007ff973da0000 - 0x00007ff973f22000 	C:\Windows\System32\gdi32full.dll
0x00007ff968400000 - 0x00007ff968679000 	C:\Windows\WinSxS\amd64_microsoft.windows.common-controls_6595b64144ccf1df_6.0.14393.447_none_42191651c6827bb3\COMCTL32.dll
0x00007ff974dd0000 - 0x00007ff975098000 	C:\Windows\System32\combase.dll
0x00007ff973f30000 - 0x00007ff974025000 	C:\Windows\System32\ucrtbase.dll
0x00007ff9731c0000 - 0x00007ff97322a000 	C:\Windows\System32\bcryptPrimitives.dll
0x00007ff9752d0000 - 0x00007ff9752fe000 	C:\Windows\System32\IMM32.DLL
0x0000000055490000 - 0x0000000055562000 	S:\Android\Java\jdk\jre\bin\msvcr100.dll
0x00000000540a0000 - 0x000000005493a000 	S:\Android\Java\jdk\jre\bin\server\jvm.dll
0x00007ff974840000 - 0x00007ff974848000 	C:\Windows\System32\PSAPI.DLL
0x00007ff953dd0000 - 0x00007ff953dd9000 	C:\Windows\SYSTEM32\WSOCK32.dll
0x00007ff974d60000 - 0x00007ff974dca000 	C:\Windows\System32\WS2_32.dll
0x00007ff9711f0000 - 0x00007ff971213000 	C:\Windows\SYSTEM32\WINMM.dll
0x00007ff967f20000 - 0x00007ff967f2a000 	C:\Windows\SYSTEM32\VERSION.dll
0x00007ff970ed0000 - 0x00007ff970efb000 	C:\Windows\SYSTEM32\WINMMBASE.dll
0x00007ff974160000 - 0x00007ff9741a2000 	C:\Windows\System32\cfgmgr32.dll
0x0000000055480000 - 0x000000005548f000 	S:\Android\Java\jdk\jre\bin\verify.dll
0x0000000055450000 - 0x0000000055479000 	S:\Android\Java\jdk\jre\bin\java.dll
0x0000000055430000 - 0x0000000055446000 	S:\Android\Java\jdk\jre\bin\zip.dll

VM Arguments:
jvm_args: -Djava.awt.headless=true -Xmx4g -Dfile.encoding=GBK -Duser.country=CN -Duser.language=zh -Duser.variant 
java_command: com.android.dx.command.Main --dex --force-jumbo --num-threads=4 --multi-dex --output S:\Android\workspace\LSPlayer\MDPlayer-master\app\build\intermediates\transforms\dex\beta\debug\folders\1000\10\instant-run-bootstrap_23483c92f296a551d348eefa971b28c15276c90f S:\Android\workspace\LSPlayer\MDPlayer-master\app\build\intermediates\incremental-classes\beta\debug\instant-run-bootstrap.jar
java_class_path (initial): S:\Android\android-sdk-windows\build-tools\23.0.3\lib\dx.jar
Launcher Type: SUN_STANDARD

Environment Variables:
JAVA_HOME=S:\Android\Java\jdk
CLASSPATH=.;S:\Android\Java\jdklib;S:\Android\Java\jdklib\tools.jar
PATH=C:\ProgramData\Oracle\Java\javapath;C:\Windows\system32;C:\Windows;C:\Windows\System32\Wbem;C:\Program Files\Java\jdk1.8.0_101\bin;C:\Program Files\Java\jdk1.8.0_101\jre\bin;C:\Windows\System32\WindowsPowerShell\v1.0\;C:\Program Files (x86)\NVIDIA Corporation\PhysX\Common;C:\Windows\system32\config\systemprofile\.dnx\bin;C:\Program Files\Microsoft DNX\Dnvm\;C:\Program Files\Microsoft SQL Server\120\Tools\Binn\;C:\Program Files\Microsoft SQL Server\130\Tools\Binn\;C:\Program Files (x86)\Windows Kits\10\Windows Performance Toolkit\;S:\Android\Git\cmd;S:\Android\Git\bin;C:\Users\JuserZhang\AppData\Local\Microsoft\WindowsApps;
USERNAME=JuserZhang
OS=Windows_NT
PROCESSOR_IDENTIFIER=Intel64 Family 6 Model 60 Stepping 3, GenuineIntel



---------------  S Y S T E M  ---------------

OS: Windows 10.0 , 64 bit Build 14393 (10.0.14393.0)

CPU:total 8 (4 cores per cpu, 2 threads per core) family 6 model 60 stepping 3, cmov, cx8, fxsr, mmx, sse, sse2, sse3, ssse3, sse4.1, sse4.2, popcnt, avx, avx2, aes, clmul, erms, lzcnt, ht, tsc, tscinvbit, bmi1, bmi2

Memory: 4k page, physical 16680080k(3931416k free), swap 16680080k(9992k free)

vm_info: Java HotSpot(TM) 64-Bit Server VM (25.111-b14) for windows-amd64 JRE (1.8.0_111-b14), built on Sep 22 2016 19:24:05 by "java_re" with MS VC++ 10.0 (VS2010)

time: Tue Dec 13 13:06:05 2016
elapsed time: 0 seconds (0d 0h 0m 0s)

